Author  :	 Dominic Giles
Version :	 2.5.0.971

Results will be written to results.xml.

Time		Users	TPM	TPS
15:34:59	[0/50]	0	0
15:35:00	[0/50]	0	0
15:35:01	[50/50]	393	393
15:35:02	[50/50]	1094	701
15:35:03	[50/50]	1826	732
15:35:04	[50/50]	2545	719
15:35:05	[50/50]	3239	694
15:35:06	[50/50]	3999	760
15:35:07	[50/50]	4725	726
15:35:08	[50/50]	5476	751
15:35:09	[50/50]	6214	738
15:35:10	[50/50]	6966	752
15:35:11	[50/50]	7676	710
15:35:12	[50/50]	8449	773
15:35:13	[50/50]	9170	721
15:35:14	[50/50]	9874	704
15:35:15	[50/50]	10588	714
15:35:16	[50/50]	11316	728
15:35:17	[50/50]	12046	730
15:35:18	[50/50]	12785	739
15:35:19	[50/50]	13524	739
15:35:20	[50/50]	14081	557
15:35:21	[50/50]	14789	708
15:35:22	[50/50]	15553	764
15:35:23	[50/50]	16295	742
15:35:24	[50/50]	17002	707
15:35:25	[50/50]	17743	741
15:35:26	[50/50]	18490	747
15:35:27	[50/50]	19245	755
15:35:28	[50/50]	19978	733
15:35:29	[50/50]	20718	740
15:35:30	[50/50]	21424	706
15:35:31	[50/50]	22141	717
15:35:32	[50/50]	22866	725
15:35:33	[50/50]	23564	698
15:35:34	[50/50]	24337	773
15:35:35	[50/50]	25063	726
15:35:36	[50/50]	25781	718
15:35:37	[50/50]	26528	747
15:35:38	[50/50]	27292	764
15:35:39	[50/50]	28011	719
15:35:40	[50/50]	28763	752
15:35:41	[50/50]	29488	725
15:35:42	[50/50]	30200	712
15:35:43	[50/50]	30905	705
15:35:44	[50/50]	31659	754
15:35:45	[50/50]	32374	715
15:35:46	[50/50]	33091	717
15:35:47	[50/50]	33779	688
15:35:48	[50/50]	34530	751
15:35:49	[50/50]	35300	770
15:35:50	[50/50]	36037	737
15:35:51	[50/50]	36752	715
15:35:52	[50/50]	37472	720
15:35:53	[50/50]	38199	727
15:35:54	[50/50]	38969	770
15:35:55	[50/50]	39699	730
15:35:56	[50/50]	40425	726
15:35:57	[50/50]	41139	714
15:35:58	[50/50]	41910	771
15:35:59	[50/50]	42653	743
15:36:00	[50/50]	43370	717
15:36:01	[50/50]	43697	720
15:36:02	[50/50]	43726	730
15:36:03	[50/50]	43728	734
15:36:04	[50/50]	43713	704
15:36:05	[50/50]	43733	714
15:36:06	[50/50]	43722	749
15:36:07	[50/50]	43693	697
15:36:08	[50/50]	43649	707
15:36:09	[50/50]	43649	738
15:36:10	[50/50]	43624	727
15:36:11	[50/50]	43677	763
15:36:12	[50/50]	43618	714
15:36:13	[50/50]	43659	762
15:36:14	[50/50]	43678	723
15:36:15	[50/50]	43696	732
15:36:16	[50/50]	43695	727
15:36:17	[50/50]	43670	705
15:36:18	[50/50]	43656	725
15:36:19	[50/50]	43640	723
15:36:20	[50/50]	43826	743
15:36:21	[50/50]	43868	750
15:36:22	[50/50]	43821	717
15:36:23	[50/50]	43803	724
15:36:24	[50/50]	43867	771
15:36:25	[50/50]	43837	711
15:36:26	[50/50]	43646	556
15:36:27	[50/50]	43608	717
15:36:28	[50/50]	43612	737
15:36:29	[50/50]	43596	724
15:36:30	[50/50]	43631	741
15:36:31	[50/50]	43662	748
15:36:32	[50/50]	43685	748
15:36:33	[50/50]	43702	715
15:36:34	[50/50]	43640	711
15:36:35	[50/50]	43640	726
15:36:36	[50/50]	43644	722
15:36:37	[50/50]	43625	728
15:36:38	[50/50]	43587	726
15:36:39	[50/50]	43620	752
15:36:40	[50/50]	43605	737
15:36:41	[50/50]	43576	696
15:36:42	[50/50]	43599	735
15:36:43	[50/50]	43626	732
15:36:44	[50/50]	43562	690
15:36:45	[50/50]	43568	721
15:36:46	[50/50]	43576	725
15:36:47	[50/50]	43665	777
15:36:48	[50/50]	43685	771
15:36:49	[50/50]	43647	732
15:36:50	[50/50]	43639	729
15:36:51	[50/50]	43670	746
15:36:52	[50/50]	43685	735
15:36:53	[50/50]	43665	707
15:36:54	[50/50]	43621	726
15:36:55	[50/50]	43640	749
15:36:56	[50/50]	43642	728
15:36:57	[50/50]	43631	703
15:36:58	[50/50]	43578	718
15:36:59	[50/50]	43557	722
15:37:00	[50/50]	43561	721
15:37:01	[50/50]	43569	728
15:37:02	[50/50]	43626	787
15:37:03	[50/50]	43638	746
15:37:04	[50/50]	43688	754
15:37:05	[50/50]	43664	690
15:37:06	[50/50]	43660	745
15:37:07	[50/50]	43692	729
15:37:08	[50/50]	43721	736
15:37:09	[50/50]	43721	738
15:37:10	[50/50]	43733	739
15:37:11	[50/50]	43685	715
15:37:12	[50/50]	43670	699
15:37:13	[50/50]	43639	731
15:37:14	[50/50]	43641	725
15:37:15	[50/50]	43650	741
15:37:16	[50/50]	43617	694
15:37:17	[50/50]	43651	739
15:37:18	[50/50]	43557	631
15:37:19	[50/50]	43585	751
15:37:20	[50/50]	43588	746
15:37:21	[50/50]	43580	742
15:37:22	[50/50]	43596	733
15:37:23	[50/50]	43582	710
15:37:24	[50/50]	43557	746
15:37:25	[50/50]	43607	761
15:37:26	[50/50]	43820	769
15:37:27	[50/50]	43841	738
15:37:28	[50/50]	43832	728
15:37:29	[50/50]	43640	532
15:37:30	[50/50]	43554	655
15:37:31	[50/50]	43516	710
15:37:32	[50/50]	43508	740
15:37:33	[50/50]	43496	703
15:37:34	[50/50]	43532	747
15:37:35	[50/50]	43486	680
15:37:36	[50/50]	43504	740
15:37:37	[50/50]	43539	763
15:37:38	[50/50]	43568	755
15:37:39	[50/50]	43537	721
15:37:40	[50/50]	43539	739
15:37:41	[50/50]	43595	752
15:37:42	[50/50]	43604	744
15:37:43	[50/50]	43594	722
15:37:44	[50/50]	43657	753
15:37:45	[50/50]	43647	711
15:37:46	[50/50]	43659	737
15:37:47	[50/50]	43624	742
15:37:48	[50/50]	43507	654
15:37:49	[50/50]	43526	751
15:37:50	[50/50]	43542	745
15:37:51	[50/50]	43534	738
15:37:52	[50/50]	43517	718
15:37:53	[50/50]	43551	741
15:37:54	[50/50]	43567	742
15:37:55	[50/50]	43569	751
15:37:56	[50/50]	43585	744
15:37:57	[50/50]	43574	692
15:37:58	[50/50]	43570	714
15:37:59	[50/50]	43593	745
15:38:00	[0/50]	42976	104

Completed Run.
